[debug] [2022-11-10T17:01:15.088Z] ----------------------------------------------------------------------
[debug] [2022-11-10T17:01:15.089Z] Command:       C:\Program Files\nodejs\node.exe C:\Users\HTCM\AppData\Roaming\npm\node_modules\firebase-tools\lib\bin\firebase.js init
[debug] [2022-11-10T17:01:15.089Z] CLI Version:   11.16.0
[debug] [2022-11-10T17:01:15.090Z] Platform:      win32
[debug] [2022-11-10T17:01:15.090Z] Node Version:  v16.15.1
[debug] [2022-11-10T17:01:15.090Z] Time:          Thu Nov 10 2022 23:01:15 GMT+0600 (Bangladesh Standard Time)
[debug] [2022-11-10T17:01:15.090Z] ----------------------------------------------------------------------
[debug] 
[debug] [2022-11-10T17:01:15.137Z] > command requires scopes: ["email","openid","https://www.googleapis.com/auth/cloudplatformprojects.readonly","https://www.googleapis.com/auth/firebase","https://www.googleapis.com/auth/cloud-platform"]
[debug] [2022-11-10T17:01:15.138Z] > authorizing via signed-in user (rumelchow5@gmail.com)
[info] 
     ######## #### ########  ######## ########     ###     ######  ########
     ##        ##  ##     ## ##       ##     ##  ##   ##  ##       ##
     ######    ##  ########  ######   ########  #########  ######  ######
     ##        ##  ##    ##  ##       ##     ## ##     ##       ## ##
     ##       #### ##     ## ######## ########  ##     ##  ######  ########

You're about to initialize a Firebase project in this directory:

  D:\project\sada-kala

Before we get started, keep in mind:

  * You are initializing within an existing Firebase project directory

